└── swap
    ├── x1,x2
    ├── body function
    │   ├── :=
    │   │   ├── x3
    │   │   ├── x1
    │   ├── :=
    │   │   ├── x2
    │   │   ├── x3
└── main
    ├── read
    │   ├── x1
    ├── read
    │   ├── x2
    ├── :=
    │   ├── x3
    │   ├── 0
    ├── sum
    │   ├── x1
    │   ├── x2
    │   ├── x3
    ├── swap
    │   ├── x1
    │   ├── x2
    ├── if
    │   ├── conditional
    │   │   ├── cond
    │   ├── body
    │   │   ├── :=
    │   │   │   ├── x
    │   │   │   ├──  +
    │   │   │   │   ├── x
    │   │   │   │   ├── 1
    │   ├── else
    │   │   ├── :=
    │   │   │   ├── y
    │   │   │   ├──  +
    │   │   │   │   ├── y
    │   │   │   │   ├── 1
    │   │   ├── write
    │   │   │   ├── x
